<?xml version="1.0" encoding="UTF-8"?>
<testsuite xmlns:xsi="http://www.w3.org/2001/XMLSchema-instance" xsi:noNamespaceSchemaLocation="https://maven.apache.org/surefire/maven-surefire-plugin/xsd/surefire-test-report.xsd" name="TestSuite" time="185.785" tests="8" errors="0" skipped="0" failures="0">
  <properties>
[...]
</properties>
  <testcase name="allow_user_to_do_login" classname="loginTest" time="8.196"/>
  <testcase name="fail_user_login" classname="loginTest" time="8.791"/>
  <testcase name="allow_user_to_register" classname="loginTest" time="18.48"/>
  <testcase name="allow_user_to_add_product_to_cart" classname="loginTest" time="5.424"/>
  <testcase name="verify_user_cannot_add_product_to_cart" classname="loginTest" time="5.588"/>
  <testcase name="verify_product_price_onUSD" classname="loginTest" time="22.518"/>
  <testcase name="verify_product_price_onEUR" classname="loginTest" time="22.741"/>
  <testcase name="verify_product_price_onGBP" classname="loginTest" time="22.408"/>
</testsuite>