<?xml version="1.0" encoding="UTF-8"?>
<!-- Generated by org.testng.reporters.JUnitXMLReporter -->
<testsuite ignored="7" hostname="Jimmys-MacBook-Pro.local" failures="0" tests="1" name="allow _user_to_do_login" time="16.894" errors="0" timestamp="2020-07-03T13:51:27 CST">
  <testcase classname="loginTest" name="allow_user_to_do_login" time="8.192"/>
  <testcase classname="loginTest" name="verify_product_price_onEUR" time="0.0">
    <ignored/>
  </testcase> <!-- verify_product_price_onEUR -->
  <testcase classname="loginTest" name="verify_user_cannot_add_product_to_cart" time="0.0">
    <ignored/>
  </testcase> <!-- verify_user_cannot_add_product_to_cart -->
  <testcase classname="loginTest" name="allow_user_to_add_product_to_cart" time="0.0">
    <ignored/>
  </testcase> <!-- allow_user_to_add_product_to_cart -->
  <testcase classname="loginTest" name="verify_product_price_onUSD" time="0.0">
    <ignored/>
  </testcase> <!-- verify_product_price_onUSD -->
  <testcase classname="loginTest" name="allow_user_to_register" time="0.0">
    <ignored/>
  </testcase> <!-- allow_user_to_register -->
  <testcase classname="loginTest" name="fail_user_login" time="0.0">
    <ignored/>
  </testcase> <!-- fail_user_login -->
  <testcase classname="loginTest" name="verify_product_price_onGBP" time="0.0">
    <ignored/>
  </testcase> <!-- verify_product_price_onGBP -->
</testsuite> <!-- allow _user_to_do_login -->
